<?xml version="1.0" encoding="UTF-8"?>
<!-- Generated by org.testng.reporters.JUnitReportReporter -->
<testsuite hostname="ABI" failures="0" tests="1" name="testcase.PageFactoryTestCase" time="23.542" errors="0" timestamp="2023-06-11T23:23:21 IST" skipped="0">
  <testcase classname="testcase.PageFactoryTestCase" name="login" time="23.542"/>
  <system-out/>
</testsuite> <!-- testcase.PageFactoryTestCase -->
