<?xml version="1.0" encoding="UTF-8"?>
<!-- Generated by org.testng.reporters.JUnitReportReporter -->
<testsuite hostname="ABI" failures="0" tests="1" name="testcase.LoginTestCase" time="24.025" errors="0" timestamp="2023-06-11T23:17:45 IST" skipped="0">
  <testcase classname="testcase.LoginTestCase" name="login" time="24.025"/>
  <system-out/>
</testsuite> <!-- testcase.LoginTestCase -->
